# JRE version: OpenJDK Runtime Environment (17.0.10) (build 17.0.10+0--11609105)
# Java VM: OpenJDK 64-Bit Server VM (17.0.10+0--11609105, mixed mode, tiered, compressed oops, compressed class ptrs, g1 gc, windows-amd64)
GC Precious Log:
 CPUs: 8 total, 8 available
 Memory: 7986M
 Large Page Support: Disabled
 NUMA Support: Disabled
 Compressed Oops: Enabled (32-bit)
 Heap Region Size: 1M
 Heap Min Capacity: 8M
 Heap Initial Capacity: 126M
 Heap Max Capacity: 2G
 Pre-touch: Disabled
 Parallel Workers: 8
 Concurrent Workers: 2
 Concurrent Refinement Workers: 8
 Periodic GC: Disabled
Heap:
 garbage-first heap   total 353280K, used 293397K [0x0000000080000000, 0x0000000100000000)
  region size 1024K, 75 young (76800K), 2 survivors (2048K)
 Metaspace       used 122879K, committed 124096K, reserved 1179648K
  class space    used 16475K, committed 17088K, reserved 1048576K
GC Heap History (20 events):
Event: 41.916 GC heap before
{Heap before GC invocations=67 (full 0):
 garbage-first heap   total 293888K, used 240709K [0x0000000080000000, 0x0000000100000000)
  region size 1024K, 70 young (71680K), 2 survivors (2048K)
 Metaspace       used 118932K, committed 119872K, reserved 1179648K
  class space    used 16092K, committed 16576K, reserved 1048576K
}
Event: 41.930 GC heap after
{Heap after GC invocations=68 (full 0):
 garbage-first heap   total 353280K, used 173879K [0x0000000080000000, 0x0000000100000000)
  region size 1024K, 5 young (5120K), 5 survivors (5120K)
 Metaspace       used 118932K, committed 119872K, reserved 1179648K
  class space    used 16092K, committed 16576K, reserved 1048576K
}
Event: 46.626 GC heap before
{Heap before GC invocations=68 (full 0):
 garbage-first heap   total 353280K, used 281399K [0x0000000080000000, 0x0000000100000000)
  region size 1024K, 110 young (112640K), 5 survivors (5120K)
 Metaspace       used 118932K, committed 119872K, reserved 1179648K
  class space    used 16092K, committed 16576K, reserved 1048576K
}
Event: 46.636 GC heap after
{Heap after GC invocations=69 (full 0):
 garbage-first heap   total 353280K, used 178815K [0x0000000080000000, 0x0000000100000000)
  region size 1024K, 10 young (10240K), 10 survivors (10240K)
 Metaspace       used 118932K, committed 119872K, reserved 1179648K
  class space    used 16092K, committed 16576K, reserved 1048576K
}
Event: 49.496 GC heap before
{Heap before GC invocations=69 (full 0):
 garbage-first heap   total 353280K, used 288383K [0x0000000080000000, 0x0000000100000000)
  region size 1024K, 117 young (119808K), 10 survivors (10240K)
 Metaspace       used 118932K, committed 119872K, reserved 1179648K
  class space    used 16092K, committed 16576K, reserved 1048576K
}
Event: 49.509 GC heap after
{Heap after GC invocations=70 (full 0):
 garbage-first heap   total 353280K, used 183118K [0x0000000080000000, 0x0000000100000000)
  region size 1024K, 12 young (12288K), 12 survivors (12288K)
 Metaspace       used 118932K, committed 119872K, reserved 1179648K
  class space    used 16092K, committed 16576K, reserved 1048576K
}
Event: 52.080 GC heap before
{Heap before GC invocations=70 (full 0):
 garbage-first heap   total 353280K, used 291662K [0x0000000080000000, 0x0000000100000000)
  region size 1024K, 118 young (120832K), 12 survivors (12288K)
 Metaspace       used 118932K, committed 119872K, reserved 1179648K
  class space    used 16092K, committed 16576K, reserved 1048576K
}
Event: 52.094 GC heap after
{Heap after GC invocations=71 (full 0):
 garbage-first heap   total 353280K, used 187258K [0x0000000080000000, 0x0000000100000000)
  region size 1024K, 11 young (11264K), 11 survivors (11264K)
 Metaspace       used 118932K, committed 119872K, reserved 1179648K
  class space    used 16092K, committed 16576K, reserved 1048576K
}
Event: 54.492 GC heap before
{Heap before GC invocations=71 (full 0):
 garbage-first heap   total 353280K, used 293754K [0x0000000080000000, 0x0000000100000000)
  region size 1024K, 116 young (118784K), 11 survivors (11264K)
 Metaspace       used 119090K, committed 120064K, reserved 1179648K
  class space    used 16110K, committed 16576K, reserved 1048576K
}
Event: 54.506 GC heap after
{Heap after GC invocations=72 (full 0):
 garbage-first heap   total 353280K, used 191580K [0x0000000080000000, 0x0000000100000000)
  region size 1024K, 11 young (11264K), 11 survivors (11264K)
 Metaspace       used 119090K, committed 120064K, reserved 1179648K
  class space    used 16110K, committed 16576K, reserved 1048576K
}
Event: 357.383 GC heap before
{Heap before GC invocations=72 (full 0):
 garbage-first heap   total 353280K, used 293980K [0x0000000080000000, 0x0000000100000000)
  region size 1024K, 112 young (114688K), 11 survivors (11264K)
 Metaspace       used 120897K, committed 121984K, reserved 1179648K
  class space    used 16307K, committed 16832K, reserved 1048576K
}
Event: 357.405 GC heap after
{Heap after GC invocations=73 (full 0):
 garbage-first heap   total 353280K, used 199613K [0x0000000080000000, 0x0000000100000000)
  region size 1024K, 14 young (14336K), 14 survivors (14336K)
 Metaspace       used 120897K, committed 121984K, reserved 1179648K
  class space    used 16307K, committed 16832K, reserved 1048576K
}
Event: 385.056 GC heap before
{Heap before GC invocations=73 (full 0):
 garbage-first heap   total 353280K, used 293821K [0x0000000080000000, 0x0000000100000000)
  region size 1024K, 107 young (109568K), 14 survivors (14336K)
 Metaspace       used 121342K, committed 122432K, reserved 1179648K
  class space    used 16331K, committed 16832K, reserved 1048576K
}
Event: 385.093 GC heap after
{Heap after GC invocations=74 (full 0):
 garbage-first heap   total 353280K, used 207860K [0x0000000080000000, 0x0000000100000000)
  region size 1024K, 9 young (9216K), 9 survivors (9216K)
 Metaspace       used 121342K, committed 122432K, reserved 1179648K
  class space    used 16331K, committed 16832K, reserved 1048576K
}
Event: 387.865 GC heap before
{Heap before GC invocations=74 (full 0):
 garbage-first heap   total 353280K, used 293876K [0x0000000080000000, 0x0000000100000000)
  region size 1024K, 94 young (96256K), 9 survivors (9216K)
 Metaspace       used 122236K, committed 123456K, reserved 1179648K
  class space    used 16426K, committed 17024K, reserved 1048576K
}
Event: 387.890 GC heap after
{Heap after GC invocations=75 (full 0):
 garbage-first heap   total 353280K, used 218461K [0x0000000080000000, 0x0000000100000000)
  region size 1024K, 11 young (11264K), 11 survivors (11264K)
 Metaspace       used 122236K, committed 123456K, reserved 1179648K
  class space    used 16426K, committed 17024K, reserved 1048576K
}
Event: 5934.316 GC heap before
{Heap before GC invocations=75 (full 0):
 garbage-first heap   total 353280K, used 294237K [0x0000000080000000, 0x0000000100000000)
  region size 1024K, 86 young (88064K), 11 survivors (11264K)
 Metaspace       used 122452K, committed 123712K, reserved 1179648K
  class space    used 16426K, committed 17024K, reserved 1048576K
}
Event: 5934.620 GC heap after
{Heap after GC invocations=76 (full 0):
 garbage-first heap   total 353280K, used 220688K [0x0000000080000000, 0x0000000100000000)
  region size 1024K, 3 young (3072K), 3 survivors (3072K)
 Metaspace       used 122452K, committed 123712K, reserved 1179648K
  class space    used 16426K, committed 17024K, reserved 1048576K
}
Event: 8139.659 GC heap before
{Heap before GC invocations=76 (full 0):
 garbage-first heap   total 353280K, used 297488K [0x0000000080000000, 0x0000000100000000)
  region size 1024K, 79 young (80896K), 3 survivors (3072K)
 Metaspace       used 122472K, committed 123712K, reserved 1179648K
  class space    used 16426K, committed 17024K, reserved 1048576K
}
Event: 8139.758 GC heap after
{Heap after GC invocations=77 (full 0):
 garbage-first heap   total 353280K, used 219669K [0x0000000080000000, 0x0000000100000000)
  region size 1024K, 2 young (2048K), 2 survivors (2048K)
 Metaspace       used 122472K, committed 123712K, reserved 1179648K
  class space    used 16426K, committed 17024K, reserved 1048576K
}

